<?xml version="1.0" encoding="UTF-8"?>
<robot generator="Robot 5.0.1 (Python 3.9.13 on win32)" generated="20220712 23:59:15.203" rpa="false" schemaversion="3">
<suite id="s1" name="Elissandro" source="C:\Users\Elissandro\OneDrive\Digital House\CTD\testing-I\Aula21\elissandro.robot">
<test id="s1-t1" name="Processo de compra da loja Swag Labs" line="8">
<kw name="Acessar o site" library="elissandro">
<kw name="Open Browser" library="SeleniumLibrary">
<arg>${SITE}</arg>
<arg>${NAVEGADOR}</arg>
<doc>Opens a new browser instance to the optional ``url``.</doc>
<msg timestamp="20220712 23:59:15.504" level="INFO">Opening browser 'Chrome' to base url 'https://www.saucedemo.com'.</msg>
<status status="PASS" starttime="20220712 23:59:15.504" endtime="20220712 23:59:18.148"/>
</kw>
<kw name="Maximize Browser Window" library="SeleniumLibrary">
<doc>Maximizes current browser window.</doc>
<status status="PASS" starttime="20220712 23:59:18.148" endtime="20220712 23:59:18.287"/>
</kw>
<status status="PASS" starttime="20220712 23:59:15.503" endtime="20220712 23:59:18.288"/>
</kw>
<kw name="Fazer o login na loja" library="elissandro">
<kw name="Input Text" library="SeleniumLibrary">
<arg>${CAMPO_USUARIO}</arg>
<arg>${USUARIO}</arg>
<doc>Types the given ``text`` into the text field identified by ``locator``.</doc>
<msg timestamp="20220712 23:59:18.289" level="INFO">Typing text 'standard_user' into text field 'css=#user-name'.</msg>
<status status="PASS" starttime="20220712 23:59:18.288" endtime="20220712 23:59:18.729"/>
</kw>
<kw name="Input Text" library="SeleniumLibrary">
<arg>${CAMPO_SENHA}</arg>
<arg>${SENHA}</arg>
<doc>Types the given ``text`` into the text field identified by ``locator``.</doc>
<msg timestamp="20220712 23:59:18.730" level="INFO">Typing text 'secret_sauce' into text field 'css=#password'.</msg>
<status status="PASS" starttime="20220712 23:59:18.729" endtime="20220712 23:59:18.844"/>
</kw>
<kw name="Wait and Click" library="elissandro">
<arg>${BOTAO_LOGIN}</arg>
<kw name="Wait Until Element Is Visible" library="SeleniumLibrary">
<arg>${ELEMENTO}</arg>
<doc>Waits until the element ``locator`` is visible.</doc>
<status status="PASS" starttime="20220712 23:59:18.845" endtime="20220712 23:59:18.880"/>
</kw>
<kw name="Click Element" library="SeleniumLibrary">
<arg>${ELEMENTO}</arg>
<doc>Click the element identified by ``locator``.</doc>
<msg timestamp="20220712 23:59:18.881" level="INFO">Clicking element 'css=#login-button'.</msg>
<status status="PASS" starttime="20220712 23:59:18.880" endtime="20220712 23:59:19.024"/>
</kw>
<status status="PASS" starttime="20220712 23:59:18.845" endtime="20220712 23:59:19.025"/>
</kw>
<status status="PASS" starttime="20220712 23:59:18.288" endtime="20220712 23:59:19.025"/>
</kw>
<kw name="Adicionar um produto no carrinho" library="elissandro">
<kw name="Wait and Click" library="elissandro">
<arg>${ADICIONAR_PRODUTO}</arg>
<kw name="Wait Until Element Is Visible" library="SeleniumLibrary">
<arg>${ELEMENTO}</arg>
<doc>Waits until the element ``locator`` is visible.</doc>
<status status="PASS" starttime="20220712 23:59:19.027" endtime="20220712 23:59:19.064"/>
</kw>
<kw name="Click Element" library="SeleniumLibrary">
<arg>${ELEMENTO}</arg>
<doc>Click the element identified by ``locator``.</doc>
<msg timestamp="20220712 23:59:19.064" level="INFO">Clicking element 'css=#add-to-cart-sauce-labs-backpack'.</msg>
<status status="PASS" starttime="20220712 23:59:19.064" endtime="20220712 23:59:19.335"/>
</kw>
<status status="PASS" starttime="20220712 23:59:19.027" endtime="20220712 23:59:19.336"/>
</kw>
<status status="PASS" starttime="20220712 23:59:19.026" endtime="20220712 23:59:19.336"/>
</kw>
<kw name="Acessar o carrinho" library="elissandro">
<kw name="Wait and Click" library="elissandro">
<arg>${CARRINHO}</arg>
<kw name="Wait Until Element Is Visible" library="SeleniumLibrary">
<arg>${ELEMENTO}</arg>
<doc>Waits until the element ``locator`` is visible.</doc>
<status status="PASS" starttime="20220712 23:59:19.338" endtime="20220712 23:59:19.373"/>
</kw>
<kw name="Click Element" library="SeleniumLibrary">
<arg>${ELEMENTO}</arg>
<doc>Click the element identified by ``locator``.</doc>
<msg timestamp="20220712 23:59:19.374" level="INFO">Clicking element 'css=#shopping_cart_container &gt; a'.</msg>
<status status="PASS" starttime="20220712 23:59:19.373" endtime="20220712 23:59:19.478"/>
</kw>
<status status="PASS" starttime="20220712 23:59:19.337" endtime="20220712 23:59:19.478"/>
</kw>
<status status="PASS" starttime="20220712 23:59:19.336" endtime="20220712 23:59:19.478"/>
</kw>
<kw name="Clicar em 'Checkout'" library="elissandro">
<kw name="Wait and Click" library="elissandro">
<arg>${BOTAO_CHECKOUT}</arg>
<kw name="Wait Until Element Is Visible" library="SeleniumLibrary">
<arg>${ELEMENTO}</arg>
<doc>Waits until the element ``locator`` is visible.</doc>
<status status="PASS" starttime="20220712 23:59:19.481" endtime="20220712 23:59:19.520"/>
</kw>
<kw name="Click Element" library="SeleniumLibrary">
<arg>${ELEMENTO}</arg>
<doc>Click the element identified by ``locator``.</doc>
<msg timestamp="20220712 23:59:19.521" level="INFO">Clicking element 'xpath=//*[@id="checkout"]'.</msg>
<status status="PASS" starttime="20220712 23:59:19.520" endtime="20220712 23:59:19.578"/>
</kw>
<status status="PASS" starttime="20220712 23:59:19.480" endtime="20220712 23:59:19.578"/>
</kw>
<status status="PASS" starttime="20220712 23:59:19.479" endtime="20220712 23:59:19.578"/>
</kw>
<kw name="Preencher dados do cliente" library="elissandro">
<kw name="Wait and Input Text" library="elissandro">
<arg>${CAMPO_NOME}</arg>
<arg>${NOME}</arg>
<kw name="Wait Until Element Is Visible" library="SeleniumLibrary">
<arg>${CAMPO}</arg>
<doc>Waits until the element ``locator`` is visible.</doc>
<status status="PASS" starttime="20220712 23:59:19.579" endtime="20220712 23:59:19.608"/>
</kw>
<kw name="Input Text" library="SeleniumLibrary">
<arg>${CAMPO}</arg>
<arg>${TEXTO}</arg>
<doc>Types the given ``text`` into the text field identified by ``locator``.</doc>
<msg timestamp="20220712 23:59:19.609" level="INFO">Typing text 'Elissandro' into text field 'css=#first-name'.</msg>
<status status="PASS" starttime="20220712 23:59:19.609" endtime="20220712 23:59:19.741"/>
</kw>
<status status="PASS" starttime="20220712 23:59:19.579" endtime="20220712 23:59:19.741"/>
</kw>
<kw name="Wait and Input Text" library="elissandro">
<arg>${CAMPO_SOBRENOME}</arg>
<arg>${SOBRENOME}</arg>
<kw name="Wait Until Element Is Visible" library="SeleniumLibrary">
<arg>${CAMPO}</arg>
<doc>Waits until the element ``locator`` is visible.</doc>
<status status="PASS" starttime="20220712 23:59:19.742" endtime="20220712 23:59:19.766"/>
</kw>
<kw name="Input Text" library="SeleniumLibrary">
<arg>${CAMPO}</arg>
<arg>${TEXTO}</arg>
<doc>Types the given ``text`` into the text field identified by ``locator``.</doc>
<msg timestamp="20220712 23:59:19.766" level="INFO">Typing text 'Maciel' into text field 'css=#last-name'.</msg>
<status status="PASS" starttime="20220712 23:59:19.766" endtime="20220712 23:59:19.887"/>
</kw>
<status status="PASS" starttime="20220712 23:59:19.741" endtime="20220712 23:59:19.888"/>
</kw>
<kw name="Wait and Input Text" library="elissandro">
<arg>${CAMPO_CEP}</arg>
<arg>${CEP}</arg>
<kw name="Wait Until Element Is Visible" library="SeleniumLibrary">
<arg>${CAMPO}</arg>
<doc>Waits until the element ``locator`` is visible.</doc>
<status status="PASS" starttime="20220712 23:59:19.889" endtime="20220712 23:59:19.916"/>
</kw>
<kw name="Input Text" library="SeleniumLibrary">
<arg>${CAMPO}</arg>
<arg>${TEXTO}</arg>
<doc>Types the given ``text`` into the text field identified by ``locator``.</doc>
<msg timestamp="20220712 23:59:19.916" level="INFO">Typing text '123456' into text field 'css=#postal-code'.</msg>
<status status="PASS" starttime="20220712 23:59:19.916" endtime="20220712 23:59:20.024"/>
</kw>
<status status="PASS" starttime="20220712 23:59:19.888" endtime="20220712 23:59:20.024"/>
</kw>
<kw name="Wait and Click" library="elissandro">
<arg>${BOTAO_CONTINUE}</arg>
<kw name="Wait Until Element Is Visible" library="SeleniumLibrary">
<arg>${ELEMENTO}</arg>
<doc>Waits until the element ``locator`` is visible.</doc>
<status status="PASS" starttime="20220712 23:59:20.025" endtime="20220712 23:59:20.049"/>
</kw>
<kw name="Click Element" library="SeleniumLibrary">
<arg>${ELEMENTO}</arg>
<doc>Click the element identified by ``locator``.</doc>
<msg timestamp="20220712 23:59:20.050" level="INFO">Clicking element 'css=#continue'.</msg>
<status status="PASS" starttime="20220712 23:59:20.050" endtime="20220712 23:59:20.136"/>
</kw>
<status status="PASS" starttime="20220712 23:59:20.024" endtime="20220712 23:59:20.136"/>
</kw>
<status status="PASS" starttime="20220712 23:59:19.578" endtime="20220712 23:59:20.136"/>
</kw>
<kw name="Clicar em 'Finish'" library="elissandro">
<kw name="Wait and Click" library="elissandro">
<arg>${BOTAO_FINISH}</arg>
<kw name="Wait Until Element Is Visible" library="SeleniumLibrary">
<arg>${ELEMENTO}</arg>
<doc>Waits until the element ``locator`` is visible.</doc>
<status status="PASS" starttime="20220712 23:59:20.138" endtime="20220712 23:59:20.167"/>
</kw>
<kw name="Click Element" library="SeleniumLibrary">
<arg>${ELEMENTO}</arg>
<doc>Click the element identified by ``locator``.</doc>
<msg timestamp="20220712 23:59:20.168" level="INFO">Clicking element 'css=#finish'.</msg>
<status status="PASS" starttime="20220712 23:59:20.168" endtime="20220712 23:59:20.225"/>
</kw>
<status status="PASS" starttime="20220712 23:59:20.137" endtime="20220712 23:59:20.226"/>
</kw>
<kw name="Page Should Contain" library="SeleniumLibrary">
<arg>${TEXTO_MENSAGEM}</arg>
<doc>Verifies that current page contains ``text``.</doc>
<msg timestamp="20220712 23:59:20.249" level="INFO">Current page contains text 'THANK YOU FOR YOUR ORDER'.</msg>
<status status="PASS" starttime="20220712 23:59:20.226" endtime="20220712 23:59:20.249"/>
</kw>
<status status="PASS" starttime="20220712 23:59:20.137" endtime="20220712 23:59:20.249"/>
</kw>
<kw name="Close Browser" library="SeleniumLibrary" type="TEARDOWN">
<doc>Closes the current browser.</doc>
<status status="PASS" starttime="20220712 23:59:20.250" endtime="20220712 23:59:22.402"/>
</kw>
<status status="PASS" starttime="20220712 23:59:15.502" endtime="20220712 23:59:22.405"/>
</test>
<test id="s1-t2" name="Fazer login na loja com um usuário quebrado" line="18">
<kw name="Acessar o site" library="elissandro">
<kw name="Open Browser" library="SeleniumLibrary">
<arg>${SITE}</arg>
<arg>${NAVEGADOR}</arg>
<doc>Opens a new browser instance to the optional ``url``.</doc>
<msg timestamp="20220712 23:59:22.420" level="INFO">Opening browser 'Chrome' to base url 'https://www.saucedemo.com'.</msg>
<status status="PASS" starttime="20220712 23:59:22.418" endtime="20220712 23:59:24.211"/>
</kw>
<kw name="Maximize Browser Window" library="SeleniumLibrary">
<doc>Maximizes current browser window.</doc>
<status status="PASS" starttime="20220712 23:59:24.212" endtime="20220712 23:59:24.338"/>
</kw>
<status status="PASS" starttime="20220712 23:59:22.416" endtime="20220712 23:59:24.338"/>
</kw>
<kw name="Fazer login na loja com um usuário quebrado" library="elissandro">
<kw name="Input Text" library="SeleniumLibrary">
<arg>${CAMPO_USUARIO}</arg>
<arg>${USUARIO_QUEBRADO}</arg>
<doc>Types the given ``text`` into the text field identified by ``locator``.</doc>
<msg timestamp="20220712 23:59:24.339" level="INFO">Typing text 'problem_user' into text field 'css=#user-name'.</msg>
<status status="PASS" starttime="20220712 23:59:24.339" endtime="20220712 23:59:24.483"/>
</kw>
<kw name="Input Text" library="SeleniumLibrary">
<arg>${CAMPO_SENHA}</arg>
<arg>${SENHA}</arg>
<doc>Types the given ``text`` into the text field identified by ``locator``.</doc>
<msg timestamp="20220712 23:59:24.484" level="INFO">Typing text 'secret_sauce' into text field 'css=#password'.</msg>
<status status="PASS" starttime="20220712 23:59:24.483" endtime="20220712 23:59:24.899"/>
</kw>
<kw name="Wait and Click" library="elissandro">
<arg>${BOTAO_LOGIN}</arg>
<kw name="Wait Until Element Is Visible" library="SeleniumLibrary">
<arg>${ELEMENTO}</arg>
<doc>Waits until the element ``locator`` is visible.</doc>
<status status="PASS" starttime="20220712 23:59:24.900" endtime="20220712 23:59:24.932"/>
</kw>
<kw name="Click Element" library="SeleniumLibrary">
<arg>${ELEMENTO}</arg>
<doc>Click the element identified by ``locator``.</doc>
<msg timestamp="20220712 23:59:24.933" level="INFO">Clicking element 'css=#login-button'.</msg>
<status status="PASS" starttime="20220712 23:59:24.932" endtime="20220712 23:59:25.107"/>
</kw>
<status status="PASS" starttime="20220712 23:59:24.899" endtime="20220712 23:59:25.107"/>
</kw>
<status status="PASS" starttime="20220712 23:59:24.338" endtime="20220712 23:59:25.107"/>
</kw>
<kw name="Close Browser" library="SeleniumLibrary" type="TEARDOWN">
<doc>Closes the current browser.</doc>
<status status="PASS" starttime="20220712 23:59:25.109" endtime="20220712 23:59:27.306"/>
</kw>
<status status="PASS" starttime="20220712 23:59:22.411" endtime="20220712 23:59:27.308"/>
</test>
<status status="PASS" starttime="20220712 23:59:15.205" endtime="20220712 23:59:27.315"/>
</suite>
<statistics>
<total>
<stat pass="2" fail="0" skip="0">All Tests</stat>
</total>
<tag>
</tag>
<suite>
<stat pass="2" fail="0" skip="0" id="s1" name="Elissandro">Elissandro</stat>
</suite>
</statistics>
<errors>
</errors>
</robot>
