<?xml version="1.0" encoding="UTF-8"?>
<robot generator="Robot 5.0.1 (Python 3.9.13 on win32)" generated="20220712 01:36:44.647" rpa="false" schemaversion="3">
<suite id="s1" name="DH" source="C:\Users\Elissandro\OneDrive\Digital House\CTD\testing-I\REVISAOROBOT\DH.robot">
<test id="s1-t1" name="Validação das informações do curso de Data Analytics" line="8">
<kw name="Abrir o novo site da Digital House Brasil" library="DH" type="SETUP">
<kw name="Open Browser" library="SeleniumLibrary">
<arg>${SITE}</arg>
<arg>${NAVEGADOR}</arg>
<doc>Opens a new browser instance to the optional ``url``.</doc>
<msg timestamp="20220712 01:36:44.962" level="INFO">Opening browser 'Chrome' to base url 'https://www.digitalhouse.com/br'.</msg>
<status status="PASS" starttime="20220712 01:36:44.961" endtime="20220712 01:36:51.409"/>
</kw>
<kw name="Maximize Browser Window" library="SeleniumLibrary">
<doc>Maximizes current browser window.</doc>
<status status="PASS" starttime="20220712 01:36:51.409" endtime="20220712 01:36:51.698"/>
</kw>
<status status="PASS" starttime="20220712 01:36:44.961" endtime="20220712 01:36:51.699"/>
</kw>
<kw name="Clicar em “Ver outros cursos”" library="DH">
<kw name="Execute Javascript" library="SeleniumLibrary">
<arg>window.scroll(0,3000)</arg>
<doc>Executes the given JavaScript code with possible arguments.</doc>
<msg timestamp="20220712 01:36:51.702" level="INFO">Executing JavaScript:
window.scroll(0,3000)
Without any arguments.</msg>
<status status="PASS" starttime="20220712 01:36:51.700" endtime="20220712 01:36:51.890"/>
</kw>
<kw name="Wait and Click" library="DH">
<arg>${OUTROS_CURSOS}</arg>
<kw name="Wait Until Element Is Visible" library="SeleniumLibrary">
<arg>${ELEMENTO}</arg>
<doc>Waits until the element ``locator`` is visible.</doc>
<status status="PASS" starttime="20220712 01:36:51.891" endtime="20220712 01:36:52.001"/>
</kw>
<kw name="Click Element" library="SeleniumLibrary">
<arg>${ELEMENTO}</arg>
<doc>Click the element identified by ``locator``.</doc>
<msg timestamp="20220712 01:36:52.002" level="INFO">Clicking element 'css=#__next &gt; div &gt; main &gt; section &gt; div &gt; div.mt-8.flex.justify-center &gt; div &gt; a'.</msg>
<status status="PASS" starttime="20220712 01:36:52.002" endtime="20220712 01:36:53.551"/>
</kw>
<status status="PASS" starttime="20220712 01:36:51.890" endtime="20220712 01:36:53.551"/>
</kw>
<status status="PASS" starttime="20220712 01:36:51.699" endtime="20220712 01:36:53.552"/>
</kw>
<kw name="Selecionar o curso “Data Analytics”" library="DH">
<kw name="Execute Javascript" library="SeleniumLibrary">
<arg>window.scroll(0,3000)</arg>
<doc>Executes the given JavaScript code with possible arguments.</doc>
<msg timestamp="20220712 01:36:53.555" level="INFO">Executing JavaScript:
window.scroll(0,3000)
Without any arguments.</msg>
<status status="PASS" starttime="20220712 01:36:53.554" endtime="20220712 01:36:53.569"/>
</kw>
<kw name="Wait and Click" library="DH">
<arg>${DATA_ANALYTICS}</arg>
<kw name="Wait Until Element Is Visible" library="SeleniumLibrary">
<arg>${ELEMENTO}</arg>
<doc>Waits until the element ``locator`` is visible.</doc>
<status status="PASS" starttime="20220712 01:36:53.571" endtime="20220712 01:36:53.619"/>
</kw>
<kw name="Click Element" library="SeleniumLibrary">
<arg>${ELEMENTO}</arg>
<doc>Click the element identified by ``locator``.</doc>
<msg timestamp="20220712 01:36:53.620" level="INFO">Clicking element 'xpath=//*[@id="__next"]/div/main/section[2]/div/div/div[3]/a'.</msg>
<status status="PASS" starttime="20220712 01:36:53.619" endtime="20220712 01:36:55.551"/>
</kw>
<status status="PASS" starttime="20220712 01:36:53.570" endtime="20220712 01:36:55.552"/>
</kw>
<status status="PASS" starttime="20220712 01:36:53.553" endtime="20220712 01:36:55.552"/>
</kw>
<kw name="Verificar se o texto de chamada do curso está correto" library="DH">
<kw name="Page Should Contain" library="SeleniumLibrary">
<arg>${CHAMADA_DATA_ANALYTICS}</arg>
<doc>Verifies that current page contains ``text``.</doc>
<msg timestamp="20220712 01:36:55.596" level="INFO">Current page contains text 'voltado para qualquer pessoa que deseja ampliar suas capacidades analíticas'.</msg>
<status status="PASS" starttime="20220712 01:36:55.554" endtime="20220712 01:36:55.597"/>
</kw>
<status status="PASS" starttime="20220712 01:36:55.553" endtime="20220712 01:36:55.597"/>
</kw>
<kw name="Verificar se a descrição do curso está correta" library="DH">
<kw name="Page Should Contain" library="SeleniumLibrary">
<arg>${DESCRICAO_DATA_ANALYTICS}</arg>
<doc>Verifies that current page contains ``text``.</doc>
<msg timestamp="20220712 01:36:55.636" level="INFO">Current page contains text 'pessoas interessadas em business intelligence'.</msg>
<status status="PASS" starttime="20220712 01:36:55.599" endtime="20220712 01:36:55.637"/>
</kw>
<status status="PASS" starttime="20220712 01:36:55.598" endtime="20220712 01:36:55.638"/>
</kw>
<kw name="Clicar em “Inscreva-se agora&quot;" library="DH">
<kw name="Wait and Click" library="DH">
<arg>${INSCREVA_AGORA}</arg>
<kw name="Wait Until Element Is Visible" library="SeleniumLibrary">
<arg>${ELEMENTO}</arg>
<doc>Waits until the element ``locator`` is visible.</doc>
<status status="PASS" starttime="20220712 01:36:55.643" endtime="20220712 01:36:55.677"/>
</kw>
<kw name="Click Element" library="SeleniumLibrary">
<arg>${ELEMENTO}</arg>
<doc>Click the element identified by ``locator``.</doc>
<msg timestamp="20220712 01:36:55.678" level="INFO">Clicking element 'xpath=//*[@id="__next"]/div/main/section/div/div/div[1]/div/div[2]/div[1]/a'.</msg>
<msg timestamp="20220712 01:36:57.065" level="INFO" html="true">&lt;/td&gt;&lt;/tr&gt;&lt;tr&gt;&lt;td colspan="3"&gt;&lt;a href="selenium-screenshot-23.png"&gt;&lt;img src="selenium-screenshot-23.png" width="800px"&gt;&lt;/a&gt;</msg>
<msg timestamp="20220712 01:36:57.066" level="FAIL">ElementClickInterceptedException: Message: element click intercepted: Element &lt;a href="" class="dh-button-lg text-white-100 bg-green-500 hover:bg-green-800"&gt;...&lt;/a&gt; is not clickable at point (195, 529). Other element would receive the click: &lt;iframe style="width: 100%; height: 125px; z-index: 2147483647; border: 0px; position: fixed; left: 0px; bottom: 0px;"&gt;&lt;/iframe&gt;
  (Session info: chrome=103.0.5060.114)
Stacktrace:
Backtrace:
	Ordinal0 [0x01096463+2188387]
	Ordinal0 [0x0102E461+1762401]
	Ordinal0 [0x00F43D78+802168]
	Ordinal0 [0x00F77F9B+1015707]
	Ordinal0 [0x00F75F68+1007464]
	Ordinal0 [0x00F73C6B+998507]
	Ordinal0 [0x00F729D9+993753]
	Ordinal0 [0x00F68613+951827]
	Ordinal0 [0x00F8C7DC+1099740]
	Ordinal0 [0x00F67FF4+950260]
	Ordinal0 [0x00F8C9F4+1100276]
	Ordinal0 [0x00F9CC22+1166370]
	Ordinal0 [0x00F8C5F6+1099254]
	Ordinal0 [0x00F66BE0+945120]
	Ordinal0 [0x00F67AD6+948950]
	GetHandleVerifier [0x013371F2+2712546]
	GetHandleVerifier [0x0132886D+2652765]
	GetHandleVerifier [0x0112002A+520730]
	GetHandleVerifier [0x0111EE06+516086]
	Ordinal0 [0x0103468B+1787531]
	Ordinal0 [0x01038E88+1805960]
	Ordinal0 [0x01038F75+1806197]
	Ordinal0 [0x01041DF1+1842673]
	BaseThreadInitThunk [0x7577FA29+25]
	RtlGetAppContainerNamedObjectPath [0x77187A9E+286]
	RtlGetAppContainerNamedObjectPath [0x77187A6E+238]
</msg>
<status status="FAIL" starttime="20220712 01:36:55.678" endtime="20220712 01:36:57.070"/>
</kw>
<status status="FAIL" starttime="20220712 01:36:55.642" endtime="20220712 01:36:57.073"/>
</kw>
<status status="FAIL" starttime="20220712 01:36:55.641" endtime="20220712 01:36:57.074"/>
</kw>
<kw name="Clicar em “Inscreva-se”" library="DH">
<status status="NOT RUN" starttime="20220712 01:36:57.075" endtime="20220712 01:36:57.075"/>
</kw>
<kw name="Validar que o valor do curso é “R$10.315”" library="DH">
<status status="NOT RUN" starttime="20220712 01:36:57.076" endtime="20220712 01:36:57.076"/>
</kw>
<kw name="Close Browser" library="SeleniumLibrary" type="TEARDOWN">
<doc>Closes the current browser.</doc>
<status status="PASS" starttime="20220712 01:36:57.077" endtime="20220712 01:36:59.337"/>
</kw>
<status status="FAIL" starttime="20220712 01:36:44.959" endtime="20220712 01:36:59.338">ElementClickInterceptedException: Message: element click intercepted: Element &lt;a href="" class="dh-button-lg text-white-100 bg-green-500 hover:bg-green-800"&gt;...&lt;/a&gt; is not clickable at point (195, 529). Other element would receive the click: &lt;iframe style="width: 100%; height: 125px; z-index: 2147483647; border: 0px; position: fixed; left: 0px; bottom: 0px;"&gt;&lt;/iframe&gt;
  (Session info: chrome=103.0.5060.114)
Stacktrace:
Backtrace:
	Ordinal0 [0x01096463+2188387]
	Ordinal0 [0x0102E461+1762401]
	Ordinal0 [0x00F43D78+802168]
	Ordinal0 [0x00F77F9B+1015707]
	Ordinal0 [0x00F75F68+1007464]
	Ordinal0 [0x00F73C6B+998507]
	Ordinal0 [0x00F729D9+993753]
	Ordinal0 [0x00F68613+951827]
	Ordinal0 [0x00F8C7DC+1099740]
	Ordinal0 [0x00F67FF4+950260]
	Ordinal0 [0x00F8C9F4+1100276]
	Ordinal0 [0x00F9CC22+1166370]
	Ordinal0 [0x00F8C5F6+1099254]
	Ordinal0 [0x00F66BE0+945120]
	Ordinal0 [0x00F67AD6+948950]
	GetHandleVerifier [0x013371F2+2712546]
	GetHandleVerifier [0x0132886D+2652765]
	GetHandleVerifier [0x0112002A+520730]
	GetHandleVerifier [0x0111EE06+516086]
	Ordinal0 [0x0103468B+1787531]
	Ordinal0 [0x01038E88+1805960]
	Ordinal0 [0x01038F75+1806197]
	Ordinal0 [0x01041DF1+1842673]
	BaseThreadInitThunk [0x7577FA29+25]
	RtlGetAppContainerNamedObjectPath [0x77187A9E+286]
	RtlGetAppContainerNamedObjectPath [0x77187A6E+238]
</status>
</test>
<test id="s1-t2" name="Validação das informações do curso de Data Science" line="18">
<kw name="Abrir o novo site da Digital House Brasil" library="DH" type="SETUP">
<kw name="Open Browser" library="SeleniumLibrary">
<arg>${SITE}</arg>
<arg>${NAVEGADOR}</arg>
<doc>Opens a new browser instance to the optional ``url``.</doc>
<msg timestamp="20220712 01:36:59.350" level="INFO">Opening browser 'Chrome' to base url 'https://www.digitalhouse.com/br'.</msg>
<status status="PASS" starttime="20220712 01:36:59.349" endtime="20220712 01:37:05.338"/>
</kw>
<kw name="Maximize Browser Window" library="SeleniumLibrary">
<doc>Maximizes current browser window.</doc>
<status status="PASS" starttime="20220712 01:37:05.338" endtime="20220712 01:37:05.681"/>
</kw>
<status status="PASS" starttime="20220712 01:36:59.349" endtime="20220712 01:37:05.681"/>
</kw>
<kw name="Clicar em “Ver outros cursos”" library="DH">
<kw name="Execute Javascript" library="SeleniumLibrary">
<arg>window.scroll(0,3000)</arg>
<doc>Executes the given JavaScript code with possible arguments.</doc>
<msg timestamp="20220712 01:37:05.685" level="INFO">Executing JavaScript:
window.scroll(0,3000)
Without any arguments.</msg>
<status status="PASS" starttime="20220712 01:37:05.683" endtime="20220712 01:37:05.851"/>
</kw>
<kw name="Wait and Click" library="DH">
<arg>${OUTROS_CURSOS}</arg>
<kw name="Wait Until Element Is Visible" library="SeleniumLibrary">
<arg>${ELEMENTO}</arg>
<doc>Waits until the element ``locator`` is visible.</doc>
<status status="PASS" starttime="20220712 01:37:05.853" endtime="20220712 01:37:05.932"/>
</kw>
<kw name="Click Element" library="SeleniumLibrary">
<arg>${ELEMENTO}</arg>
<doc>Click the element identified by ``locator``.</doc>
<msg timestamp="20220712 01:37:05.934" level="INFO">Clicking element 'css=#__next &gt; div &gt; main &gt; section &gt; div &gt; div.mt-8.flex.justify-center &gt; div &gt; a'.</msg>
<status status="PASS" starttime="20220712 01:37:05.932" endtime="20220712 01:37:07.427"/>
</kw>
<status status="PASS" starttime="20220712 01:37:05.852" endtime="20220712 01:37:07.428"/>
</kw>
<status status="PASS" starttime="20220712 01:37:05.682" endtime="20220712 01:37:07.428"/>
</kw>
<kw name="Selecionar o curso “Data Science”" library="DH">
<kw name="Execute Javascript" library="SeleniumLibrary">
<arg>window.scroll(0,3000)</arg>
<doc>Executes the given JavaScript code with possible arguments.</doc>
<msg timestamp="20220712 01:37:07.431" level="INFO">Executing JavaScript:
window.scroll(0,3000)
Without any arguments.</msg>
<status status="PASS" starttime="20220712 01:37:07.430" endtime="20220712 01:37:07.443"/>
</kw>
<kw name="Wait and Click" library="DH">
<arg>${DATA_SCIENCE}</arg>
<kw name="Wait Until Element Is Visible" library="SeleniumLibrary">
<arg>${ELEMENTO}</arg>
<doc>Waits until the element ``locator`` is visible.</doc>
<status status="PASS" starttime="20220712 01:37:07.445" endtime="20220712 01:37:07.503"/>
</kw>
<kw name="Click Element" library="SeleniumLibrary">
<arg>${ELEMENTO}</arg>
<doc>Click the element identified by ``locator``.</doc>
<msg timestamp="20220712 01:37:07.505" level="INFO">Clicking element 'xpath=//*[@id="__next"]/div/main/section[2]/div/div/div[4]/a'.</msg>
<status status="PASS" starttime="20220712 01:37:07.503" endtime="20220712 01:37:09.256"/>
</kw>
<status status="PASS" starttime="20220712 01:37:07.444" endtime="20220712 01:37:09.256"/>
</kw>
<status status="PASS" starttime="20220712 01:37:07.429" endtime="20220712 01:37:09.257"/>
</kw>
<kw name="Verificar se o texto de chamada do curso de Data Science está correto" library="DH">
<kw name="Page Should Contain" library="SeleniumLibrary">
<arg>${CHAMADA_DATA_SCIENCE}</arg>
<doc>Verifies that current page contains ``text``.</doc>
<msg timestamp="20220712 01:37:09.333" level="INFO">Current page contains text 'profissionais de diversas áreas que desejam melhorar sua comunicação como engenheiros de Big Data'.</msg>
<status status="PASS" starttime="20220712 01:37:09.261" endtime="20220712 01:37:09.333"/>
</kw>
<status status="PASS" starttime="20220712 01:37:09.259" endtime="20220712 01:37:09.334"/>
</kw>
<kw name="Verificar se a descrição do curso de Data Science está correta" library="DH">
<kw name="Page Should Contain" library="SeleniumLibrary">
<arg>${DESCRICAO_DATA_SCIENCE}</arg>
<doc>Verifies that current page contains ``text``.</doc>
<msg timestamp="20220712 01:37:09.382" level="INFO">Current page contains text 'adquirir habilidades práticas com as ferramentas específicas para fazer análises'.</msg>
<status status="PASS" starttime="20220712 01:37:09.335" endtime="20220712 01:37:09.382"/>
</kw>
<status status="PASS" starttime="20220712 01:37:09.334" endtime="20220712 01:37:09.382"/>
</kw>
<kw name="Clicar no botão &quot;Inscreva-se agora&quot;" library="DH">
<kw name="Wait and Click" library="DH">
<arg>${INSCREVA_AGORA}</arg>
<kw name="Wait Until Element Is Visible" library="SeleniumLibrary">
<arg>${ELEMENTO}</arg>
<doc>Waits until the element ``locator`` is visible.</doc>
<status status="PASS" starttime="20220712 01:37:09.385" endtime="20220712 01:37:09.447"/>
</kw>
<kw name="Click Element" library="SeleniumLibrary">
<arg>${ELEMENTO}</arg>
<doc>Click the element identified by ``locator``.</doc>
<msg timestamp="20220712 01:37:09.449" level="INFO">Clicking element 'xpath=//*[@id="__next"]/div/main/section/div/div/div[1]/div/div[2]/div[1]/a'.</msg>
<msg timestamp="20220712 01:37:10.809" level="INFO" html="true">&lt;/td&gt;&lt;/tr&gt;&lt;tr&gt;&lt;td colspan="3"&gt;&lt;a href="selenium-screenshot-24.png"&gt;&lt;img src="selenium-screenshot-24.png" width="800px"&gt;&lt;/a&gt;</msg>
<msg timestamp="20220712 01:37:10.810" level="FAIL">ElementClickInterceptedException: Message: element click intercepted: Element &lt;a href="" class="dh-button-lg text-white-100 bg-green-500 hover:bg-green-800"&gt;...&lt;/a&gt; is not clickable at point (195, 529). Other element would receive the click: &lt;iframe style="width: 100%; height: 125px; z-index: 2147483647; border: 0px; position: fixed; left: 0px; bottom: 0px;"&gt;&lt;/iframe&gt;
  (Session info: chrome=103.0.5060.114)
Stacktrace:
Backtrace:
	Ordinal0 [0x01096463+2188387]
	Ordinal0 [0x0102E461+1762401]
	Ordinal0 [0x00F43D78+802168]
	Ordinal0 [0x00F77F9B+1015707]
	Ordinal0 [0x00F75F68+1007464]
	Ordinal0 [0x00F73C6B+998507]
	Ordinal0 [0x00F729D9+993753]
	Ordinal0 [0x00F68613+951827]
	Ordinal0 [0x00F8C7DC+1099740]
	Ordinal0 [0x00F67FF4+950260]
	Ordinal0 [0x00F8C9F4+1100276]
	Ordinal0 [0x00F9CC22+1166370]
	Ordinal0 [0x00F8C5F6+1099254]
	Ordinal0 [0x00F66BE0+945120]
	Ordinal0 [0x00F67AD6+948950]
	GetHandleVerifier [0x013371F2+2712546]
	GetHandleVerifier [0x0132886D+2652765]
	GetHandleVerifier [0x0112002A+520730]
	GetHandleVerifier [0x0111EE06+516086]
	Ordinal0 [0x0103468B+1787531]
	Ordinal0 [0x01038E88+1805960]
	Ordinal0 [0x01038F75+1806197]
	Ordinal0 [0x01041DF1+1842673]
	BaseThreadInitThunk [0x7577FA29+25]
	RtlGetAppContainerNamedObjectPath [0x77187A9E+286]
	RtlGetAppContainerNamedObjectPath [0x77187A6E+238]
</msg>
<status status="FAIL" starttime="20220712 01:37:09.447" endtime="20220712 01:37:10.811"/>
</kw>
<status status="FAIL" starttime="20220712 01:37:09.384" endtime="20220712 01:37:10.813"/>
</kw>
<status status="FAIL" starttime="20220712 01:37:09.383" endtime="20220712 01:37:10.814"/>
</kw>
<kw name="Clicar no botão &quot;Inscreva-se&quot;" library="DH">
<status status="NOT RUN" starttime="20220712 01:37:10.816" endtime="20220712 01:37:10.816"/>
</kw>
<kw name="Validar que o valor do curso é “R$ 11.878”" library="DH">
<status status="NOT RUN" starttime="20220712 01:37:10.816" endtime="20220712 01:37:10.817"/>
</kw>
<kw name="Close Browser" library="SeleniumLibrary" type="TEARDOWN">
<doc>Closes the current browser.</doc>
<status status="PASS" starttime="20220712 01:37:10.818" endtime="20220712 01:37:13.112"/>
</kw>
<status status="FAIL" starttime="20220712 01:36:59.347" endtime="20220712 01:37:13.113">ElementClickInterceptedException: Message: element click intercepted: Element &lt;a href="" class="dh-button-lg text-white-100 bg-green-500 hover:bg-green-800"&gt;...&lt;/a&gt; is not clickable at point (195, 529). Other element would receive the click: &lt;iframe style="width: 100%; height: 125px; z-index: 2147483647; border: 0px; position: fixed; left: 0px; bottom: 0px;"&gt;&lt;/iframe&gt;
  (Session info: chrome=103.0.5060.114)
Stacktrace:
Backtrace:
	Ordinal0 [0x01096463+2188387]
	Ordinal0 [0x0102E461+1762401]
	Ordinal0 [0x00F43D78+802168]
	Ordinal0 [0x00F77F9B+1015707]
	Ordinal0 [0x00F75F68+1007464]
	Ordinal0 [0x00F73C6B+998507]
	Ordinal0 [0x00F729D9+993753]
	Ordinal0 [0x00F68613+951827]
	Ordinal0 [0x00F8C7DC+1099740]
	Ordinal0 [0x00F67FF4+950260]
	Ordinal0 [0x00F8C9F4+1100276]
	Ordinal0 [0x00F9CC22+1166370]
	Ordinal0 [0x00F8C5F6+1099254]
	Ordinal0 [0x00F66BE0+945120]
	Ordinal0 [0x00F67AD6+948950]
	GetHandleVerifier [0x013371F2+2712546]
	GetHandleVerifier [0x0132886D+2652765]
	GetHandleVerifier [0x0112002A+520730]
	GetHandleVerifier [0x0111EE06+516086]
	Ordinal0 [0x0103468B+1787531]
	Ordinal0 [0x01038E88+1805960]
	Ordinal0 [0x01038F75+1806197]
	Ordinal0 [0x01041DF1+1842673]
	BaseThreadInitThunk [0x7577FA29+25]
	RtlGetAppContainerNamedObjectPath [0x77187A9E+286]
	RtlGetAppContainerNamedObjectPath [0x77187A6E+238]
</status>
</test>
<status status="FAIL" starttime="20220712 01:36:44.650" endtime="20220712 01:37:13.121"/>
</suite>
<statistics>
<total>
<stat pass="0" fail="2" skip="0">All Tests</stat>
</total>
<tag>
</tag>
<suite>
<stat pass="0" fail="2" skip="0" id="s1" name="DH">DH</stat>
</suite>
</statistics>
<errors>
</errors>
</robot>
